2023-07-15 01:55:56,596 Looping list "l" with variable 'i'... 
2023-07-15 01:55:56,597 'i' type is int ...
2023-07-15 01:55:56,597 Looping list "l" with variable 'i'... 
2023-07-15 01:55:56,597 'i' type is int ...
2023-07-15 01:55:56,597 Looping list "l" with variable 'i'... 
2023-07-15 01:55:56,597 'i' type is int ...
2023-07-15 01:55:56,597 Looping list "l" with variable 'i'... 
2023-07-15 01:55:56,597 'i' type is int ...
2023-07-15 01:55:56,597 Looping list "l" with variable 'i'... 
2023-07-15 01:55:56,597 checking 'i' type is list?... 
2023-07-15 01:55:56,597 'j' type is int ...
2023-07-15 01:55:56,597 'j' type is int ...
2023-07-15 01:55:56,597 'j' type is int ...
2023-07-15 01:55:56,597 Looping list "l" with variable 'i'... 
2023-07-15 01:55:56,597 'i' type is str...
2023-07-15 01:55:56,597 Looping list "l" with variable 'i'... 
2023-07-15 01:55:56,597 'i' type is str...
2023-07-15 01:55:56,597 Looping list "l" with variable 'i'... 
2023-07-15 01:55:56,597 'i' type is int ...
2023-07-15 01:55:56,597 Looping list "l" with variable 'i'... 
2023-07-15 01:55:56,597 'i' type is int ...
2023-07-15 01:55:56,597 Looping list "l" with variable 'i'... 
2023-07-15 01:55:56,597 checking 'i' type is list?... 
2023-07-15 01:55:56,597 'j' type is str ...
2023-07-15 01:55:56,597 'j' type is str ...
2023-07-15 01:55:56,597 ['sonu', 'saurabh', 'jakhar', 'chaudhary']
2023-07-15 01:55:56,598 [1, 2, 3, 4, 5, 6, 7, 8, 9]
